mode: set
github.com/ezeoleaf/larry/publisher/twitter/oauth2/oauth2.go:32.13,34.2 1 1
github.com/ezeoleaf/larry/publisher/twitter/oauth2/oauth2.go:37.49,49.2 1 1
github.com/ezeoleaf/larry/publisher/twitter/oauth2/oauth2.go:52.75,59.53 3 0
github.com/ezeoleaf/larry/publisher/twitter/oauth2/oauth2.go:124.2,126.42 2 0
github.com/ezeoleaf/larry/publisher/twitter/oauth2/oauth2.go:59.53,70.17 6 0
github.com/ezeoleaf/larry/publisher/twitter/oauth2/oauth2.go:74.3,81.10 5 0
github.com/ezeoleaf/larry/publisher/twitter/oauth2/oauth2.go:89.3,89.29 1 0
github.com/ezeoleaf/larry/publisher/twitter/oauth2/oauth2.go:70.17,72.4 1 0
github.com/ezeoleaf/larry/publisher/twitter/oauth2/oauth2.go:82.29,83.15 1 0
github.com/ezeoleaf/larry/publisher/twitter/oauth2/oauth2.go:84.34,85.68 1 0
github.com/ezeoleaf/larry/publisher/twitter/oauth2/oauth2.go:89.29,94.18 4 0
github.com/ezeoleaf/larry/publisher/twitter/oauth2/oauth2.go:99.4,100.18 2 0
github.com/ezeoleaf/larry/publisher/twitter/oauth2/oauth2.go:94.18,96.5 1 0
github.com/ezeoleaf/larry/publisher/twitter/oauth2/oauth2.go:100.18,102.5 1 0
github.com/ezeoleaf/larry/publisher/twitter/oauth2/oauth2.go:103.9,105.4 1 0
github.com/ezeoleaf/larry/publisher/twitter/oauth2/oauth2.go:106.8,109.14 2 0
github.com/ezeoleaf/larry/publisher/twitter/oauth2/oauth2.go:109.14,112.18 3 0
github.com/ezeoleaf/larry/publisher/twitter/oauth2/oauth2.go:117.4,118.18 2 0
github.com/ezeoleaf/larry/publisher/twitter/oauth2/oauth2.go:112.18,114.5 1 0
github.com/ezeoleaf/larry/publisher/twitter/oauth2/oauth2.go:118.18,120.5 1 0
github.com/ezeoleaf/larry/publisher/twitter/oauth2/oauth2.go:132.57,134.75 2 0
github.com/ezeoleaf/larry/publisher/twitter/oauth2/oauth2.go:145.2,146.55 2 0
github.com/ezeoleaf/larry/publisher/twitter/oauth2/oauth2.go:134.75,137.32 3 0
github.com/ezeoleaf/larry/publisher/twitter/oauth2/oauth2.go:137.32,140.4 2 0
github.com/ezeoleaf/larry/publisher/twitter/oauth2/oauth2.go:140.9,142.4 1 0
github.com/ezeoleaf/larry/publisher/twitter/oauth2/oauth2.go:152.63,154.16 2 0
github.com/ezeoleaf/larry/publisher/twitter/oauth2/oauth2.go:158.2,160.16 2 0
github.com/ezeoleaf/larry/publisher/twitter/oauth2/oauth2.go:163.2,169.18 5 0
github.com/ezeoleaf/larry/publisher/twitter/oauth2/oauth2.go:154.16,156.3 1 0
github.com/ezeoleaf/larry/publisher/twitter/oauth2/oauth2.go:160.16,162.3 1 0
github.com/ezeoleaf/larry/publisher/twitter/oauth2/oauth2.go:173.32,175.15 2 0
github.com/ezeoleaf/larry/publisher/twitter/oauth2/oauth2.go:175.15,176.23 1 0
github.com/ezeoleaf/larry/publisher/twitter/oauth2/oauth2.go:187.3,187.13 1 0
github.com/ezeoleaf/larry/publisher/twitter/oauth2/oauth2.go:177.16,178.47 1 0
github.com/ezeoleaf/larry/publisher/twitter/oauth2/oauth2.go:179.18,180.78 1 0
github.com/ezeoleaf/larry/publisher/twitter/oauth2/oauth2.go:181.17,182.43 1 0
github.com/ezeoleaf/larry/publisher/twitter/oauth2/oauth2.go:183.11,184.37 1 0
github.com/ezeoleaf/larry/publisher/twitter/oauth2/oauth2.go:188.8,190.3 1 0
github.com/ezeoleaf/larry/publisher/twitter/oauth2/token.go:15.38,17.16 2 1
github.com/ezeoleaf/larry/publisher/twitter/oauth2/token.go:22.2,24.16 2 1
github.com/ezeoleaf/larry/publisher/twitter/oauth2/token.go:17.16,19.3 1 0
github.com/ezeoleaf/larry/publisher/twitter/oauth2/token.go:30.103,33.31 2 0
github.com/ezeoleaf/larry/publisher/twitter/oauth2/token.go:43.2,43.17 1 0
github.com/ezeoleaf/larry/publisher/twitter/oauth2/token.go:33.31,36.17 3 0
github.com/ezeoleaf/larry/publisher/twitter/oauth2/token.go:36.17,38.4 1 0
github.com/ezeoleaf/larry/publisher/twitter/oauth2/token.go:39.8,41.3 1 0
github.com/ezeoleaf/larry/publisher/twitter/oauth2/token.go:47.41,48.16 1 0
github.com/ezeoleaf/larry/publisher/twitter/oauth2/token.go:48.16,54.3 4 0
github.com/ezeoleaf/larry/publisher/twitter/oauth2/token.go:54.8,56.3 1 0
github.com/ezeoleaf/larry/publisher/twitter/oauth2/token.go:61.30,69.47 2 1
github.com/ezeoleaf/larry/publisher/twitter/oauth2/token.go:77.2,81.3 1 1
github.com/ezeoleaf/larry/publisher/twitter/oauth2/token.go:69.47,71.17 2 0
github.com/ezeoleaf/larry/publisher/twitter/oauth2/token.go:71.17,74.4 2 0
github.com/ezeoleaf/larry/publisher/twitter/oauth2/token.go:87.44,89.16 2 1
github.com/ezeoleaf/larry/publisher/twitter/oauth2/token.go:92.2,95.16 3 1
github.com/ezeoleaf/larry/publisher/twitter/oauth2/token.go:99.2,101.22 2 1
github.com/ezeoleaf/larry/publisher/twitter/oauth2/token.go:120.2,121.16 2 1
github.com/ezeoleaf/larry/publisher/twitter/oauth2/token.go:124.2,125.16 2 1
github.com/ezeoleaf/larry/publisher/twitter/oauth2/token.go:128.2,129.16 2 1
github.com/ezeoleaf/larry/publisher/twitter/oauth2/token.go:132.2,134.12 2 1
github.com/ezeoleaf/larry/publisher/twitter/oauth2/token.go:89.16,91.3 1 0
github.com/ezeoleaf/larry/publisher/twitter/oauth2/token.go:95.16,97.3 1 0
github.com/ezeoleaf/larry/publisher/twitter/oauth2/token.go:101.22,105.13 2 1
github.com/ezeoleaf/larry/publisher/twitter/oauth2/token.go:105.13,108.4 2 0
github.com/ezeoleaf/larry/publisher/twitter/oauth2/token.go:108.9,113.4 4 1
github.com/ezeoleaf/larry/publisher/twitter/oauth2/token.go:115.8,117.3 1 0
github.com/ezeoleaf/larry/publisher/twitter/oauth2/token.go:121.16,123.3 1 0
github.com/ezeoleaf/larry/publisher/twitter/oauth2/token.go:125.16,127.3 1 0
github.com/ezeoleaf/larry/publisher/twitter/oauth2/token.go:129.16,131.3 1 0
github.com/ezeoleaf/larry/publisher/twitter/oauth2/token.go:138.37,140.16 2 1
github.com/ezeoleaf/larry/publisher/twitter/oauth2/token.go:143.2,146.16 3 1
github.com/ezeoleaf/larry/publisher/twitter/oauth2/token.go:150.2,150.39 1 1
github.com/ezeoleaf/larry/publisher/twitter/oauth2/token.go:154.2,154.14 1 1
github.com/ezeoleaf/larry/publisher/twitter/oauth2/token.go:140.16,142.3 1 0
github.com/ezeoleaf/larry/publisher/twitter/oauth2/token.go:146.16,148.3 1 0
github.com/ezeoleaf/larry/publisher/twitter/oauth2/token.go:150.39,152.3 1 1
github.com/ezeoleaf/larry/publisher/twitter/oauth2/token.go:161.67,162.28 1 1
github.com/ezeoleaf/larry/publisher/twitter/oauth2/token.go:171.2,171.18 1 1
github.com/ezeoleaf/larry/publisher/twitter/oauth2/token.go:162.28,164.67 1 1
github.com/ezeoleaf/larry/publisher/twitter/oauth2/token.go:164.67,165.63 1 1
github.com/ezeoleaf/larry/publisher/twitter/oauth2/token.go:165.63,167.5 1 1
github.com/ezeoleaf/larry/publisher/twitter/oauth2/token.go:176.54,179.17 2 1
github.com/ezeoleaf/larry/publisher/twitter/oauth2/token.go:190.2,190.19 1 1
github.com/ezeoleaf/larry/publisher/twitter/oauth2/token.go:179.17,181.19 2 1
github.com/ezeoleaf/larry/publisher/twitter/oauth2/token.go:185.3,185.36 1 1
github.com/ezeoleaf/larry/publisher/twitter/oauth2/token.go:181.19,183.4 1 1
github.com/ezeoleaf/larry/publisher/twitter/oauth2/token.go:185.36,187.4 1 0
